[0m19:40:41.678380 [debug] [MainThread]: Sending event: {'category': 'dbt', 'action': 'invocation', 'label': 'start', 'context': [<snowplow_tracker.self_describing_json.SelfDescribingJson object at 0x000001CCFFDC40D0>, <snowplow_tracker.self_describing_json.SelfDescribingJson object at 0x000001CCFFDA5450>, <snowplow_tracker.self_describing_json.SelfDescribingJson object at 0x000001CC83C82710>]}


============================== 19:40:41.686359 | 297ea6ca-43d6-4087-80ee-d67d5b476729 ==============================
[0m19:40:41.686359 [info ] [MainThread]: Running with dbt=1.10.15
[0m19:40:41.691620 [debug] [MainThread]: running dbt with arguments {'printer_width': '80', 'target_path': 'None', 'log_format': 'default', 'use_colors': 'True', 'profiles_dir': 'C:\\Users\\Alekya Kastury\\.dbt', 'warn_error': 'None', 'static_parser': 'True', 'partial_parse': 'True', 'log_path': 'logs', 'send_anonymous_usage_stats': 'True', 'indirect_selection': 'eager', 'warn_error_options': 'WarnErrorOptionsV2(error=[], warn=[], silence=[])', 'fail_fast': 'False', 'use_experimental_parser': 'False', 'version_check': 'True', 'introspect': 'True', 'quiet': 'False', 'empty': 'None', 'log_cache_events': 'False', 'debug': 'False', 'no_print': 'None', 'invocation_command': 'dbt debug', 'cache_selected_only': 'False', 'write_json': 'True'}
[0m19:40:41.757991 [info ] [MainThread]: dbt version: 1.10.15
[0m19:40:41.757991 [info ] [MainThread]: python version: 3.11.9
[0m19:40:41.760049 [info ] [MainThread]: python path: C:\Users\Alekya Kastury\AppData\Local\Programs\Python\Python311\python.exe
[0m19:40:41.761104 [info ] [MainThread]: os info: Windows-10-10.0.26200-SP0
[0m19:40:41.761677 [info ] [MainThread]: Using profiles dir at C:\Users\Alekya Kastury\.dbt
[0m19:40:41.761677 [info ] [MainThread]: Using profiles.yml file at C:\Users\Alekya Kastury\.dbt\profiles.yml
[0m19:40:41.761677 [info ] [MainThread]: Using dbt_project.yml file at C:\Users\Alekya Kastury\github\hotel-analytics-platform\scripts\dbt_project.yml
[0m19:40:41.761677 [info ] [MainThread]: Configuration:
[0m19:40:41.761677 [info ] [MainThread]:   profiles.yml file [[31mERROR not found[0m]
[0m19:40:41.761677 [info ] [MainThread]:   dbt_project.yml file [[31mERROR not found[0m]
[0m19:40:41.761677 [info ] [MainThread]: Required dependencies:
[0m19:40:41.765439 [debug] [MainThread]: Executing "git --help"
[0m19:40:41.819495 [debug] [MainThread]: STDOUT: "b"usage: git [--version] [--help] [-C <path>] [-c <name>=<value>]\n           [--exec-path[=<path>]] [--html-path] [--man-path] [--info-path]\n           [-p | --paginate | -P | --no-pager] [--no-replace-objects] [--bare]\n           [--git-dir=<path>] [--work-tree=<path>] [--namespace=<name>]\n           [--super-prefix=<path>] [--config-env=<name>=<envvar>]\n           <command> [<args>]\n\nThese are common Git commands used in various situations:\n\nstart a working area (see also: git help tutorial)\n   clone             Clone a repository into a new directory\n   init              Create an empty Git repository or reinitialize an existing one\n\nwork on the current change (see also: git help everyday)\n   add               Add file contents to the index\n   mv                Move or rename a file, a directory, or a symlink\n   restore           Restore working tree files\n   rm                Remove files from the working tree and from the index\n   sparse-checkout   Initialize and modify the sparse-checkout\n\nexamine the history and state (see also: git help revisions)\n   bisect            Use binary search to find the commit that introduced a bug\n   diff              Show changes between commits, commit and working tree, etc\n   grep              Print lines matching a pattern\n   log               Show commit logs\n   show              Show various types of objects\n   status            Show the working tree status\n\ngrow, mark and tweak your common history\n   branch            List, create, or delete branches\n   commit            Record changes to the repository\n   merge             Join two or more development histories together\n   rebase            Reapply commits on top of another base tip\n   reset             Reset current HEAD to the specified state\n   switch            Switch branches\n   tag               Create, list, delete or verify a tag object signed with GPG\n\ncollaborate (see also: git help workflows)\n   fetch             Download objects and refs from another repository\n   pull              Fetch from and integrate with another repository or a local branch\n   push              Update remote refs along with associated objects\n\n'git help -a' and 'git help -g' list available subcommands and some\nconcept guides. See 'git help <command>' or 'git help <concept>'\nto read about a specific subcommand or concept.\nSee 'git help git' for an overview of the system.\n""
[0m19:40:41.819495 [debug] [MainThread]: STDERR: "b''"
[0m19:40:41.819495 [info ] [MainThread]:  - git [[32mOK found[0m]

[0m19:40:41.819495 [info ] [MainThread]: Connection test skipped since no profile was found
[0m19:40:41.819495 [info ] [MainThread]: [31m2 checks failed:[0m
[0m19:40:41.819495 [info ] [MainThread]: dbt looked for a profiles.yml file in C:\Users\Alekya Kastury\.dbt\profiles.yml, but did
not find one. For more information on configuring your profile, consult the
documentation:

https://docs.getdbt.com/docs/configure-your-profile


[0m19:40:41.819495 [info ] [MainThread]: Project loading failed for the following reason:
 project path <C:\Users\Alekya Kastury\github\hotel-analytics-platform\scripts\dbt_project.yml> not found

[0m19:40:41.819495 [debug] [MainThread]: Command `dbt debug` failed at 19:40:41.819495 after 0.32 seconds
[0m19:40:41.826995 [debug] [MainThread]: Sending event: {'category': 'dbt', 'action': 'invocation', 'label': 'end', 'context': [<snowplow_tracker.self_describing_json.SelfDescribingJson object at 0x000001CCFCF84E50>, <snowplow_tracker.self_describing_json.SelfDescribingJson object at 0x000001CC8392F110>, <snowplow_tracker.self_describing_json.SelfDescribingJson object at 0x000001CC83C90590>]}
[0m19:40:41.826995 [debug] [MainThread]: Flushing usage events
[0m19:40:42.920533 [debug] [MainThread]: An error was encountered while trying to flush usage events
[0m19:41:00.176921 [debug] [MainThread]: Sending event: {'category': 'dbt', 'action': 'invocation', 'label': 'start', 'context': [<snowplow_tracker.self_describing_json.SelfDescribingJson object at 0x0000025B7295B690>, <snowplow_tracker.self_describing_json.SelfDescribingJson object at 0x0000025B76013710>, <snowplow_tracker.self_describing_json.SelfDescribingJson object at 0x0000025B75FB2010>]}


============================== 19:41:00.187248 | 1808c182-023a-4be7-af54-3125c32595ff ==============================
[0m19:41:00.187248 [info ] [MainThread]: Running with dbt=1.10.15
[0m19:41:00.187248 [debug] [MainThread]: running dbt with arguments {'no_print': 'None', 'write_json': 'True', 'cache_selected_only': 'False', 'log_format': 'default', 'use_colors': 'True', 'warn_error': 'None', 'indirect_selection': 'eager', 'partial_parse': 'True', 'static_parser': 'True', 'send_anonymous_usage_stats': 'True', 'log_path': 'logs', 'warn_error_options': 'WarnErrorOptionsV2(error=[], warn=[], silence=[])', 'fail_fast': 'False', 'version_check': 'True', 'use_experimental_parser': 'False', 'quiet': 'False', 'introspect': 'True', 'empty': 'None', 'log_cache_events': 'False', 'debug': 'False', 'profiles_dir': 'C:\\Users\\Alekya Kastury\\.dbt', 'invocation_command': 'dbt debug', 'printer_width': '80', 'target_path': 'None'}
[0m19:41:00.237144 [info ] [MainThread]: dbt version: 1.10.15
[0m19:41:00.239167 [info ] [MainThread]: python version: 3.11.9
[0m19:41:00.239167 [info ] [MainThread]: python path: C:\Users\Alekya Kastury\AppData\Local\Programs\Python\Python311\python.exe
[0m19:41:00.241850 [info ] [MainThread]: os info: Windows-10-10.0.26200-SP0
[0m19:41:00.241850 [info ] [MainThread]: Using profiles dir at C:\Users\Alekya Kastury\.dbt
[0m19:41:00.244373 [info ] [MainThread]: Using profiles.yml file at C:\Users\Alekya Kastury\.dbt\profiles.yml
[0m19:41:00.244373 [info ] [MainThread]: Using dbt_project.yml file at C:\Users\Alekya Kastury\github\hotel-analytics-platform\scripts\dbt_project.yml
[0m19:41:00.246895 [info ] [MainThread]: Configuration:
[0m19:41:00.246895 [info ] [MainThread]:   profiles.yml file [[31mERROR not found[0m]
[0m19:41:00.248906 [info ] [MainThread]:   dbt_project.yml file [[31mERROR not found[0m]
[0m19:41:00.249416 [info ] [MainThread]: Required dependencies:
[0m19:41:00.249416 [debug] [MainThread]: Executing "git --help"
[0m19:41:00.321142 [debug] [MainThread]: STDOUT: "b"usage: git [--version] [--help] [-C <path>] [-c <name>=<value>]\n           [--exec-path[=<path>]] [--html-path] [--man-path] [--info-path]\n           [-p | --paginate | -P | --no-pager] [--no-replace-objects] [--bare]\n           [--git-dir=<path>] [--work-tree=<path>] [--namespace=<name>]\n           [--super-prefix=<path>] [--config-env=<name>=<envvar>]\n           <command> [<args>]\n\nThese are common Git commands used in various situations:\n\nstart a working area (see also: git help tutorial)\n   clone             Clone a repository into a new directory\n   init              Create an empty Git repository or reinitialize an existing one\n\nwork on the current change (see also: git help everyday)\n   add               Add file contents to the index\n   mv                Move or rename a file, a directory, or a symlink\n   restore           Restore working tree files\n   rm                Remove files from the working tree and from the index\n   sparse-checkout   Initialize and modify the sparse-checkout\n\nexamine the history and state (see also: git help revisions)\n   bisect            Use binary search to find the commit that introduced a bug\n   diff              Show changes between commits, commit and working tree, etc\n   grep              Print lines matching a pattern\n   log               Show commit logs\n   show              Show various types of objects\n   status            Show the working tree status\n\ngrow, mark and tweak your common history\n   branch            List, create, or delete branches\n   commit            Record changes to the repository\n   merge             Join two or more development histories together\n   rebase            Reapply commits on top of another base tip\n   reset             Reset current HEAD to the specified state\n   switch            Switch branches\n   tag               Create, list, delete or verify a tag object signed with GPG\n\ncollaborate (see also: git help workflows)\n   fetch             Download objects and refs from another repository\n   pull              Fetch from and integrate with another repository or a local branch\n   push              Update remote refs along with associated objects\n\n'git help -a' and 'git help -g' list available subcommands and some\nconcept guides. See 'git help <command>' or 'git help <concept>'\nto read about a specific subcommand or concept.\nSee 'git help git' for an overview of the system.\n""
[0m19:41:00.321888 [debug] [MainThread]: STDERR: "b''"
[0m19:41:00.323221 [info ] [MainThread]:  - git [[32mOK found[0m]

[0m19:41:00.323221 [info ] [MainThread]: Connection test skipped since no profile was found
[0m19:41:00.323221 [info ] [MainThread]: [31m2 checks failed:[0m
[0m19:41:00.328247 [info ] [MainThread]: dbt looked for a profiles.yml file in C:\Users\Alekya Kastury\.dbt\profiles.yml, but did
not find one. For more information on configuring your profile, consult the
documentation:

https://docs.getdbt.com/docs/configure-your-profile


[0m19:41:00.328247 [info ] [MainThread]: Project loading failed for the following reason:
 project path <C:\Users\Alekya Kastury\github\hotel-analytics-platform\scripts\dbt_project.yml> not found

[0m19:41:00.328247 [debug] [MainThread]: Command `dbt debug` failed at 19:41:00.328247 after 0.29 seconds
[0m19:41:00.332438 [debug] [MainThread]: Sending event: {'category': 'dbt', 'action': 'invocation', 'label': 'end', 'context': [<snowplow_tracker.self_describing_json.SelfDescribingJson object at 0x0000025B75FB1810>, <snowplow_tracker.self_describing_json.SelfDescribingJson object at 0x0000025B75FB1A50>, <snowplow_tracker.self_describing_json.SelfDescribingJson object at 0x0000025B75FB1990>]}
[0m19:41:00.333876 [debug] [MainThread]: Flushing usage events
[0m19:41:01.129532 [debug] [MainThread]: An error was encountered while trying to flush usage events
